<?xml version="1.0" encoding="UTF-8"?>
<!-- Generated by org.testng.reporters.JUnitReportReporter -->
<testsuite hostname="Anshul-Laptop" failures="0" tests="1" name="in.Simplilearn.RestAssuredDemo.GetDemo" time="4.977" errors="0" timestamp="2023-12-19T17:56:50 IST" skipped="0">
  <testcase classname="in.Simplilearn.RestAssuredDemo.GetDemo" name="getServerResponse" time="4.977"/>
  <system-out/>
</testsuite> <!-- in.Simplilearn.RestAssuredDemo.GetDemo -->
