<?xml version="1.0" encoding="UTF-8"?>
<!-- Generated by org.testng.reporters.JUnitReportReporter -->
<testsuite hostname="Anshul-Laptop" failures="0" tests="1" name="in.Simplilearn.RestAssuredDemo.PostDemo" time="2.694" errors="0" timestamp="2023-12-19T18:02:49 IST" skipped="0">
  <testcase classname="in.Simplilearn.RestAssuredDemo.PostDemo" name="createResource" time="2.694"/>
  <system-out/>
</testsuite> <!-- in.Simplilearn.RestAssuredDemo.PostDemo -->
