<?xml version="1.0" encoding="UTF-8"?>
<!-- Generated by org.testng.reporters.JUnitReportReporter -->
<testsuite hostname="Anshul-Laptop" failures="0" tests="1" name="in.Simplilearn.RestAssuredDemo.DeleteDemo" time="2.165" errors="0" timestamp="2023-12-19T18:04:49 IST" skipped="0">
  <testcase classname="in.Simplilearn.RestAssuredDemo.DeleteDemo" name="deleteResource" time="2.165"/>
  <system-out/>
</testsuite> <!-- in.Simplilearn.RestAssuredDemo.DeleteDemo -->
