<?xml version="1.0" encoding="UTF-8"?>
<!-- Generated by org.testng.reporters.JUnitReportReporter -->
<testsuite hostname="Anshul-Laptop" failures="0" tests="1" name="in.Simplilearn.RestAssuredDemo.PutDemo" time="4.653" errors="0" timestamp="2023-12-19T17:59:50 IST" skipped="0">
  <testcase classname="in.Simplilearn.RestAssuredDemo.PutDemo" name="createResource" time="4.653"/>
  <system-out/>
</testsuite> <!-- in.Simplilearn.RestAssuredDemo.PutDemo -->
